Using pre-set license
Built from '2020.3/staging' branch; Version is '2020.3.22f1 (e1a7f79fd887) revision 14788599'; Using compiler version '192528614'; Build Type 'Release'
OS: 'Windows 10 Home; OS build 19043.1348; Version 2009; 64bit' Language: 'en' Physical Memory: 16335 MB
BatchMode: 1, IsHumanControllingUs: 0, StartBugReporterOnCrash: 0, Is64bit: 1, IsPro: 0

COMMAND LINE ARGUMENTS:
C:\Program Files\Unity\Hub\Editor\2020.3.22f1\Editor\Unity.exe
-adb2
-batchMode
-noUpm
-name
AssetImportWorker0
-projectPath
C:/Users/ultra/BlackJack Final
-logFile
Logs/AssetImportWorker0.log
-srvPort
64362
Successfully changed project path to: C:/Users/ultra/BlackJack Final
C:/Users/ultra/BlackJack Final
Using Asset Import Pipeline V2.
Refreshing native plugins compatible for Editor in 65.47 ms, found 3 plugins.
Preloading 0 native plugins for Editor in 0.00 ms.
Initialize engine version: 2020.3.22f1 (e1a7f79fd887)
[Subsystems] Discovering subsystems at path C:/Program Files/Unity/Hub/Editor/2020.3.22f1/Editor/Data/Resources/UnitySubsystems
[Subsystems] Discovering subsystems at path C:/Users/ultra/BlackJack Final/Assets
GfxDevice: creating device client; threaded=0
Direct3D:
    Version:  Direct3D 11.0 [level 11.1]
    Renderer: NVIDIA GeForce GTX 1080 (ID=0x1b80)
    Vendor:   
    VRAM:     8079 MB
    Driver:   30.0.14.7212
Initialize mono
Mono path[0] = 'C:/Program Files/Unity/Hub/Editor/2020.3.22f1/Editor/Data/Managed'
Mono path[1] = 'C:/Program Files/Unity/Hub/Editor/2020.3.22f1/Editor/Data/MonoBleedingEdge/lib/mono/unityjit'
Mono config path = 'C:/Program Files/Unity/Hub/Editor/2020.3.22f1/Editor/Data/MonoBleedingEdge/etc'
Using monoOptions --debugger-agent=transport=dt_socket,embedding=1,server=y,suspend=n,address=127.0.0.1:56320
Begin MonoManager ReloadAssembly
Registering precompiled unity dll's ...
Register platform support module: C:/Program Files/Unity/Hub/Editor/2020.3.22f1/Editor/Data/PlaybackEngines/WindowsStandaloneSupport/UnityEditor.WindowsStandalone.Extensions.dll
Registered in 0.002643 seconds.
Native extension for WindowsStandalone target not found
Refreshing native plugins compatible for Editor in 59.74 ms, found 3 plugins.
Preloading 0 native plugins for Editor in 0.00 ms.
Mono: successfully reloaded assembly
- Completed reload, in  1.663 seconds
Domain Reload Profiling:
	ReloadAssembly (1663ms)
		BeginReloadAssembly (78ms)
			ExecutionOrderSort (0ms)
			DisableScriptedObjects (0ms)
			BackupInstance (0ms)
			ReleaseScriptingObjects (0ms)
			CreateAndSetChildDomain (1ms)
		EndReloadAssembly (595ms)
			LoadAssemblies (75ms)
			RebuildTransferFunctionScriptingTraits (0ms)
			SetupTypeCache (195ms)
			ReleaseScriptCaches (0ms)
			RebuildScriptCaches (45ms)
			SetupLoadedEditorAssemblies (231ms)
				LogAssemblyErrors (0ms)
				InitializePlatformSupportModulesInManaged (5ms)
				SetLoadedEditorAssemblies (0ms)
				RefreshPlugins (60ms)
				BeforeProcessingInitializeOnLoad (21ms)
				ProcessInitializeOnLoadAttributes (109ms)
				ProcessInitializeOnLoadMethodAttributes (36ms)
				AfterProcessingInitializeOnLoad (0ms)
				EditorAssembliesLoaded (0ms)
			ExecutionOrderSort2 (0ms)
			AwakeInstancesAfterBackupRestoration (0ms)
Platform modules already initialized, skipping
Registering precompiled user dll's ...
Registered in 0.006454 seconds.
Begin MonoManager ReloadAssembly
Native extension for WindowsStandalone target not found
Refreshing native plugins compatible for Editor in 62.56 ms, found 3 plugins.
Preloading 0 native plugins for Editor in 0.00 ms.
Mono: successfully reloaded assembly
- Completed reload, in  1.570 seconds
Domain Reload Profiling:
	ReloadAssembly (1571ms)
		BeginReloadAssembly (186ms)
			ExecutionOrderSort (0ms)
			DisableScriptedObjects (6ms)
			BackupInstance (0ms)
			ReleaseScriptingObjects (0ms)
			CreateAndSetChildDomain (23ms)
		EndReloadAssembly (1294ms)
			LoadAssemblies (122ms)
			RebuildTransferFunctionScriptingTraits (0ms)
			SetupTypeCache (410ms)
			ReleaseScriptCaches (1ms)
			RebuildScriptCaches (80ms)
			SetupLoadedEditorAssemblies (510ms)
				LogAssemblyErrors (0ms)
				InitializePlatformSupportModulesInManaged (6ms)
				SetLoadedEditorAssemblies (0ms)
				RefreshPlugins (63ms)
				BeforeProcessingInitializeOnLoad (123ms)
				ProcessInitializeOnLoadAttributes (285ms)
				ProcessInitializeOnLoadMethodAttributes (23ms)
				AfterProcessingInitializeOnLoad (10ms)
				EditorAssembliesLoaded (0ms)
			ExecutionOrderSort2 (0ms)
			AwakeInstancesAfterBackupRestoration (9ms)
Platform modules already initialized, skipping
========================================================================
Worker process is ready to serve import requests
Launched and connected shader compiler UnityShaderCompiler.exe after 0.07 seconds
Refreshing native plugins compatible for Editor in 0.59 ms, found 3 plugins.
Preloading 0 native plugins for Editor in 0.00 ms.
Unloading 2204 Unused Serialized files (Serialized files now loaded: 0)
System memory in use before: 96.1 MB.
System memory in use after: 96.2 MB.

Unloading 28 unused Assets to reduce memory usage. Loaded Objects now: 2638.
Total: 4.244500 ms (FindLiveObjects: 0.301800 ms CreateObjectMapping: 0.069900 ms MarkObjects: 3.779600 ms  DeleteObjects: 0.091200 ms)

AssetImportParameters requested are different than current active one (requested -> active):
  custom:framework-win-MediaFoundation: 216162199b28c13a410421893ffa2e32 -> 
  custom:video-decoder-ogg-theora: a1e56fd34408186e4bbccfd4996cb3dc -> 
  custom:container-muxer-webm: aa71ff27fc2769a1b78a27578f13a17b -> 
  custom:container-demuxer-webm: 4f35f7cbe854078d1ac9338744f61a02 -> 
  custom:container-demuxer-ogg: 62fdf1f143b41e24485cea50d1cbac27 -> 
  custom:video-encoder-webm-vp8: eb34c28f22e8b96e1ab97ce403110664 -> 
  custom:video-decoder-webm-vp8: 9c59270c3fd7afecdb556c50c9e8de78 -> 
  custom:audio-decoder-ogg-vorbis: bf7c407c2cedff20999df2af8eb42d56 -> 
  custom:audio-encoder-webm-vorbis: bf7c407c2cedff20999df2af8eb42d56 -> 
========================================================================
Received Import Request.
  path: Assets/Prefabs/Card.prefab
  artifactKey: Guid(b96d6fd150ffb0346b5b046b600a5fe4) Importer(815301076,1909f56bfc062723c751e8b465ee728b)
Start importing Assets/Prefabs/Card.prefab using Guid(b96d6fd150ffb0346b5b046b600a5fe4) Importer(815301076,1909f56bfc062723c751e8b465ee728b)  -> (artifact id: '4fb9a1fb046931b6852e189aea3202b0') in 0.162455 seconds 
  Import took 0.167533 seconds .

========================================================================
Received Import Request.
  Time since last request: 0.000276 seconds.
  path: Packages/com.unity.xr.legacyinputhelpers/Prefabs/XRRig.prefab
  artifactKey: Guid(c116b7497ab8ca34c9188965d4295e27) Importer(815301076,1909f56bfc062723c751e8b465ee728b)
Start importing Packages/com.unity.xr.legacyinputhelpers/Prefabs/XRRig.prefab using Guid(c116b7497ab8ca34c9188965d4295e27) Importer(815301076,1909f56bfc062723c751e8b465ee728b)  -> (artifact id: '4e0993ac88694dc4088532330439dbe4') in 0.020183 seconds 
  Import took 0.024733 seconds .

========================================================================
Received Import Request.
  Time since last request: 9.891510 seconds.
  path: Assets/Prefabs/Card.prefab
  artifactKey: Guid(b96d6fd150ffb0346b5b046b600a5fe4) Importer(815301076,1909f56bfc062723c751e8b465ee728b)
Start importing Assets/Prefabs/Card.prefab using Guid(b96d6fd150ffb0346b5b046b600a5fe4) Importer(815301076,1909f56bfc062723c751e8b465ee728b)  -> (artifact id: '5ffe65d4282e4f6da2eaba207dc85133') in 0.027137 seconds 
  Import took 0.031672 seconds .

========================================================================
Received Prepare
Registering precompiled user dll's ...
Registered in 0.007186 seconds.
Begin MonoManager ReloadAssembly
Native extension for WindowsStandalone target not found
Refreshing native plugins compatible for Editor in 0.60 ms, found 3 plugins.
Preloading 0 native plugins for Editor in 0.00 ms.
Mono: successfully reloaded assembly
- Completed reload, in  1.437 seconds
Domain Reload Profiling:
	ReloadAssembly (1438ms)
		BeginReloadAssembly (150ms)
			ExecutionOrderSort (0ms)
			DisableScriptedObjects (8ms)
			BackupInstance (0ms)
			ReleaseScriptingObjects (0ms)
			CreateAndSetChildDomain (45ms)
		EndReloadAssembly (1199ms)
			LoadAssemblies (118ms)
			RebuildTransferFunctionScriptingTraits (0ms)
			SetupTypeCache (376ms)
			ReleaseScriptCaches (2ms)
			RebuildScriptCaches (87ms)
			SetupLoadedEditorAssemblies (473ms)
				LogAssemblyErrors (0ms)
				InitializePlatformSupportModulesInManaged (8ms)
				SetLoadedEditorAssemblies (1ms)
				RefreshPlugins (1ms)
				BeforeProcessingInitializeOnLoad (150ms)
				ProcessInitializeOnLoadAttributes (287ms)
				ProcessInitializeOnLoadMethodAttributes (16ms)
				AfterProcessingInitializeOnLoad (10ms)
				EditorAssembliesLoaded (0ms)
			ExecutionOrderSort2 (0ms)
			AwakeInstancesAfterBackupRestoration (13ms)
Platform modules already initialized, skipping
Refreshing native plugins compatible for Editor in 0.76 ms, found 3 plugins.
Preloading 0 native plugins for Editor in 0.00 ms.
Unloading 2193 Unused Serialized files (Serialized files now loaded: 0)
System memory in use before: 98.5 MB.
System memory in use after: 98.6 MB.

Unloading 17 unused Assets to reduce memory usage. Loaded Objects now: 2647.
Total: 4.175000 ms (FindLiveObjects: 0.267300 ms CreateObjectMapping: 0.068900 ms MarkObjects: 3.809500 ms  DeleteObjects: 0.027400 ms)

AssetImportParameters requested are different than current active one (requested -> active):
  custom:framework-win-MediaFoundation: 216162199b28c13a410421893ffa2e32 -> 
  custom:video-decoder-ogg-theora: a1e56fd34408186e4bbccfd4996cb3dc -> 
  custom:container-muxer-webm: aa71ff27fc2769a1b78a27578f13a17b -> 
  custom:container-demuxer-webm: 4f35f7cbe854078d1ac9338744f61a02 -> 
  custom:container-demuxer-ogg: 62fdf1f143b41e24485cea50d1cbac27 -> 
  custom:video-encoder-webm-vp8: eb34c28f22e8b96e1ab97ce403110664 -> 
  custom:video-decoder-webm-vp8: 9c59270c3fd7afecdb556c50c9e8de78 -> 
  custom:audio-decoder-ogg-vorbis: bf7c407c2cedff20999df2af8eb42d56 -> 
  custom:audio-encoder-webm-vorbis: bf7c407c2cedff20999df2af8eb42d56 -> 
========================================================================
Received Import Request.
  Time since last request: 33.198801 seconds.
  path: Assets/Prefabs/Card.prefab
  artifactKey: Guid(b96d6fd150ffb0346b5b046b600a5fe4) Importer(815301076,1909f56bfc062723c751e8b465ee728b)
Start importing Assets/Prefabs/Card.prefab using Guid(b96d6fd150ffb0346b5b046b600a5fe4) Importer(815301076,1909f56bfc062723c751e8b465ee728b)  -> (artifact id: '310f5101d439c6cd151c6cecd8f13770') in 0.095273 seconds 
  Import took 0.099698 seconds .

========================================================================
Received Import Request.
  Time since last request: 18.150901 seconds.
  path: Assets/Prefabs/Card.prefab
  artifactKey: Guid(b96d6fd150ffb0346b5b046b600a5fe4) Importer(815301076,1909f56bfc062723c751e8b465ee728b)
Start importing Assets/Prefabs/Card.prefab using Guid(b96d6fd150ffb0346b5b046b600a5fe4) Importer(815301076,1909f56bfc062723c751e8b465ee728b)  -> (artifact id: '1355bd7bda835a9bc850c7b5deb50236') in 0.025441 seconds 
  Import took 0.031282 seconds .

========================================================================
Received Import Request.
  Time since last request: 11.777838 seconds.
  path: Assets/Prefabs/Card.prefab
  artifactKey: Guid(b96d6fd150ffb0346b5b046b600a5fe4) Importer(815301076,1909f56bfc062723c751e8b465ee728b)
Start importing Assets/Prefabs/Card.prefab using Guid(b96d6fd150ffb0346b5b046b600a5fe4) Importer(815301076,1909f56bfc062723c751e8b465ee728b)  -> (artifact id: '9665e9482a0cd131ea04a2b805e15b86') in 0.026113 seconds 
  Import took 0.030407 seconds .

========================================================================
Received Prepare
Registering precompiled user dll's ...
Registered in 0.006574 seconds.
Begin MonoManager ReloadAssembly
Native extension for WindowsStandalone target not found
Refreshing native plugins compatible for Editor in 1.10 ms, found 3 plugins.
Preloading 0 native plugins for Editor in 0.00 ms.
Mono: successfully reloaded assembly
- Completed reload, in  2.063 seconds
Domain Reload Profiling:
	ReloadAssembly (2064ms)
		BeginReloadAssembly (220ms)
			ExecutionOrderSort (0ms)
			DisableScriptedObjects (19ms)
			BackupInstance (0ms)
			ReleaseScriptingObjects (0ms)
			CreateAndSetChildDomain (75ms)
		EndReloadAssembly (1749ms)
			LoadAssemblies (149ms)
			RebuildTransferFunctionScriptingTraits (0ms)
			SetupTypeCache (627ms)
			ReleaseScriptCaches (2ms)
			RebuildScriptCaches (115ms)
			SetupLoadedEditorAssemblies (638ms)
				LogAssemblyErrors (0ms)
				InitializePlatformSupportModulesInManaged (11ms)
				SetLoadedEditorAssemblies (1ms)
				RefreshPlugins (1ms)
				BeforeProcessingInitializeOnLoad (186ms)
				ProcessInitializeOnLoadAttributes (400ms)
				ProcessInitializeOnLoadMethodAttributes (22ms)
				AfterProcessingInitializeOnLoad (15ms)
				EditorAssembliesLoaded (0ms)
			ExecutionOrderSort2 (0ms)
			AwakeInstancesAfterBackupRestoration (18ms)
Platform modules already initialized, skipping
Refreshing native plugins compatible for Editor in 1.00 ms, found 3 plugins.
Preloading 0 native plugins for Editor in 0.00 ms.
Unloading 2193 Unused Serialized files (Serialized files now loaded: 0)
System memory in use before: 98.6 MB.
System memory in use after: 98.7 MB.

Unloading 17 unused Assets to reduce memory usage. Loaded Objects now: 2650.
Total: 6.788700 ms (FindLiveObjects: 0.417600 ms CreateObjectMapping: 0.095400 ms MarkObjects: 6.234200 ms  DeleteObjects: 0.038800 ms)

AssetImportParameters requested are different than current active one (requested -> active):
  custom:framework-win-MediaFoundation: 216162199b28c13a410421893ffa2e32 -> 
  custom:video-decoder-ogg-theora: a1e56fd34408186e4bbccfd4996cb3dc -> 
  custom:container-muxer-webm: aa71ff27fc2769a1b78a27578f13a17b -> 
  custom:container-demuxer-webm: 4f35f7cbe854078d1ac9338744f61a02 -> 
  custom:container-demuxer-ogg: 62fdf1f143b41e24485cea50d1cbac27 -> 
  custom:video-encoder-webm-vp8: eb34c28f22e8b96e1ab97ce403110664 -> 
  custom:video-decoder-webm-vp8: 9c59270c3fd7afecdb556c50c9e8de78 -> 
  custom:audio-decoder-ogg-vorbis: bf7c407c2cedff20999df2af8eb42d56 -> 
  custom:audio-encoder-webm-vorbis: bf7c407c2cedff20999df2af8eb42d56 -> 
========================================================================
Received Import Request.
  Time since last request: 174.217157 seconds.
  path: Assets/Animations/Card anims/Individual Card Anims/Clubs/Club - 5.anim
  artifactKey: Guid(8e64d0384bb40d04a88eead69cfbf15f) Importer(815301076,1909f56bfc062723c751e8b465ee728b)
Start importing Assets/Animations/Card anims/Individual Card Anims/Clubs/Club - 5.anim using Guid(8e64d0384bb40d04a88eead69cfbf15f) Importer(815301076,1909f56bfc062723c751e8b465ee728b)  -> (artifact id: 'ec782d0a2567d31306611d1439e4a49a') in 0.030885 seconds 
  Import took 0.035608 seconds .

========================================================================
Received Import Request.
  Time since last request: 5.710846 seconds.
  path: Assets/Animations/Card anims/Individual Card Anims/Clubs/Club - 4.anim
  artifactKey: Guid(259930a2f8d4ee54f90fc673cef5c2a1) Importer(815301076,1909f56bfc062723c751e8b465ee728b)
Start importing Assets/Animations/Card anims/Individual Card Anims/Clubs/Club - 4.anim using Guid(259930a2f8d4ee54f90fc673cef5c2a1) Importer(815301076,1909f56bfc062723c751e8b465ee728b)  -> (artifact id: 'a40c5686af96b328cacb97d0712ef7ce') in 0.009251 seconds 
  Import took 0.013069 seconds .

========================================================================
Received Import Request.
  Time since last request: 2.316935 seconds.
  path: Assets/Animations/Card anims/Individual Card Anims/Clubs/Club - 3.anim
  artifactKey: Guid(c63859942999efe458e89577adfa23a8) Importer(815301076,1909f56bfc062723c751e8b465ee728b)
Start importing Assets/Animations/Card anims/Individual Card Anims/Clubs/Club - 3.anim using Guid(c63859942999efe458e89577adfa23a8) Importer(815301076,1909f56bfc062723c751e8b465ee728b)  -> (artifact id: 'fb36fef28fd1810e743f4904b302e393') in 0.008595 seconds 
  Import took 0.012405 seconds .

========================================================================
Received Import Request.
  Time since last request: 0.946553 seconds.
  path: Assets/Animations/Card anims/Individual Card Anims/Clubs/Club - 2.anim
  artifactKey: Guid(f41e3efdbea23d244ba6fa64bbd8fefe) Importer(815301076,1909f56bfc062723c751e8b465ee728b)
Start importing Assets/Animations/Card anims/Individual Card Anims/Clubs/Club - 2.anim using Guid(f41e3efdbea23d244ba6fa64bbd8fefe) Importer(815301076,1909f56bfc062723c751e8b465ee728b)  -> (artifact id: '5351d83a3f0b1725ac75ee53037509d3') in 0.008966 seconds 
  Import took 0.013364 seconds .

========================================================================
Received Import Request.
  Time since last request: 0.945228 seconds.
  path: Assets/Animations/Card anims/Individual Card Anims/Clubs/Club - 1.anim
  artifactKey: Guid(5a3a18eab670f1c4ea2714d099505f0a) Importer(815301076,1909f56bfc062723c751e8b465ee728b)
Start importing Assets/Animations/Card anims/Individual Card Anims/Clubs/Club - 1.anim using Guid(5a3a18eab670f1c4ea2714d099505f0a) Importer(815301076,1909f56bfc062723c751e8b465ee728b)  -> (artifact id: '1d1d6bacc856407c413f78f311c21eb2') in 0.010969 seconds 
  Import took 0.014965 seconds .

========================================================================
Received Import Request.
  Time since last request: 16.710764 seconds.
  path: Assets/Images/Cards/Classic
  artifactKey: Guid(7a82d4f0b2b0344489e84ae8178e509f) Importer(815301076,1909f56bfc062723c751e8b465ee728b)
Start importing Assets/Images/Cards/Classic using Guid(7a82d4f0b2b0344489e84ae8178e509f) Importer(815301076,1909f56bfc062723c751e8b465ee728b)  -> (artifact id: '00b722828e4082b2714651b05e93612b') in 0.008053 seconds 
  Import took 0.012015 seconds .

========================================================================
Received Import Request.
  Time since last request: 64.513683 seconds.
  path: Assets/Animations/New Animator Controller.controller
  artifactKey: Guid(82f61a0b143496c4da807aa556505859) Importer(815301076,1909f56bfc062723c751e8b465ee728b)
Start importing Assets/Animations/New Animator Controller.controller using Guid(82f61a0b143496c4da807aa556505859) Importer(815301076,1909f56bfc062723c751e8b465ee728b)  -> (artifact id: 'f32c2b53fd273a7dec2485a8f1a41d3b') in 0.016113 seconds 
  Import took 0.020594 seconds .

========================================================================
Received Import Request.
  Time since last request: 103.289737 seconds.
  path: Assets/Animations/Card anims/Individual Card Anims/Hearts
  artifactKey: Guid(77f51bfffab749c4ea10ba38d72f65e5) Importer(815301076,1909f56bfc062723c751e8b465ee728b)
Start importing Assets/Animations/Card anims/Individual Card Anims/Hearts using Guid(77f51bfffab749c4ea10ba38d72f65e5) Importer(815301076,1909f56bfc062723c751e8b465ee728b)  -> (artifact id: 'b0a4eb92e1e09f70a783554594c58544') in 0.008564 seconds 
  Import took 0.012637 seconds .

========================================================================
Received Import Request.
  Time since last request: 699.382827 seconds.
  path: Assets/Animations/Card anims/Individual Card Anims/Hearts/Heart - 8.anim
  artifactKey: Guid(71d2209d44229794dbce5a2a8badb45c) Importer(815301076,1909f56bfc062723c751e8b465ee728b)
Start importing Assets/Animations/Card anims/Individual Card Anims/Hearts/Heart - 8.anim using Guid(71d2209d44229794dbce5a2a8badb45c) Importer(815301076,1909f56bfc062723c751e8b465ee728b)  -> (artifact id: 'a1281fdfe822a14988ee2fd3a123fa9e') in 0.010932 seconds 
  Import took 0.015574 seconds .

========================================================================
Received Import Request.
  Time since last request: 202.067633 seconds.
  path: Assets/Animations/Card anims/Individual Card Anims/Diamonds
  artifactKey: Guid(2d8c863df08d3954da4bf418118d593c) Importer(815301076,1909f56bfc062723c751e8b465ee728b)
Start importing Assets/Animations/Card anims/Individual Card Anims/Diamonds using Guid(2d8c863df08d3954da4bf418118d593c) Importer(815301076,1909f56bfc062723c751e8b465ee728b)  -> (artifact id: '9cd8b8e78488f188de3d92ff8076a40d') in 0.008824 seconds 
  Import took 0.013749 seconds .

========================================================================
Received Prepare
Registering precompiled user dll's ...
Registered in 0.007457 seconds.
Begin MonoManager ReloadAssembly
Native extension for WindowsStandalone target not found
Refreshing native plugins compatible for Editor in 0.62 ms, found 3 plugins.
Preloading 0 native plugins for Editor in 0.00 ms.
Mono: successfully reloaded assembly
- Completed reload, in  1.408 seconds
Domain Reload Profiling:
	ReloadAssembly (1409ms)
		BeginReloadAssembly (159ms)
			ExecutionOrderSort (0ms)
			DisableScriptedObjects (10ms)
			BackupInstance (0ms)
			ReleaseScriptingObjects (0ms)
			CreateAndSetChildDomain (50ms)
		EndReloadAssembly (1156ms)
			LoadAssemblies (120ms)
			RebuildTransferFunctionScriptingTraits (0ms)
			SetupTypeCache (370ms)
			ReleaseScriptCaches (1ms)
			RebuildScriptCaches (78ms)
			SetupLoadedEditorAssemblies (449ms)
				LogAssemblyErrors (0ms)
				InitializePlatformSupportModulesInManaged (7ms)
				SetLoadedEditorAssemblies (1ms)
				RefreshPlugins (1ms)
				BeforeProcessingInitializeOnLoad (132ms)
				ProcessInitializeOnLoadAttributes (283ms)
				ProcessInitializeOnLoadMethodAttributes (15ms)
				AfterProcessingInitializeOnLoad (10ms)
				EditorAssembliesLoaded (0ms)
			ExecutionOrderSort2 (0ms)
			AwakeInstancesAfterBackupRestoration (14ms)
Platform modules already initialized, skipping
Refreshing native plugins compatible for Editor in 0.62 ms, found 3 plugins.
Preloading 0 native plugins for Editor in 0.00 ms.
Unloading 2193 Unused Serialized files (Serialized files now loaded: 0)
System memory in use before: 98.6 MB.
System memory in use after: 98.7 MB.

Unloading 17 unused Assets to reduce memory usage. Loaded Objects now: 2652.
Total: 3.907300 ms (FindLiveObjects: 0.254900 ms CreateObjectMapping: 0.059000 ms MarkObjects: 3.568900 ms  DeleteObjects: 0.022800 ms)

AssetImportParameters requested are different than current active one (requested -> active):
  custom:framework-win-MediaFoundation: 216162199b28c13a410421893ffa2e32 -> 
  custom:video-decoder-ogg-theora: a1e56fd34408186e4bbccfd4996cb3dc -> 
  custom:container-muxer-webm: aa71ff27fc2769a1b78a27578f13a17b -> 
  custom:container-demuxer-webm: 4f35f7cbe854078d1ac9338744f61a02 -> 
  custom:container-demuxer-ogg: 62fdf1f143b41e24485cea50d1cbac27 -> 
  custom:video-encoder-webm-vp8: eb34c28f22e8b96e1ab97ce403110664 -> 
  custom:video-decoder-webm-vp8: 9c59270c3fd7afecdb556c50c9e8de78 -> 
  custom:audio-decoder-ogg-vorbis: bf7c407c2cedff20999df2af8eb42d56 -> 
  custom:audio-encoder-webm-vorbis: bf7c407c2cedff20999df2af8eb42d56 -> 
========================================================================
Received Import Request.
  Time since last request: 105.741702 seconds.
  path: Assets/Animations/Card anims/Individual Card Anims/Diamonds/Diamond - 11.anim
  artifactKey: Guid(07dbcbc1e4ed4b54fbcb764e0175d4ef) Importer(815301076,1909f56bfc062723c751e8b465ee728b)
Start importing Assets/Animations/Card anims/Individual Card Anims/Diamonds/Diamond - 11.anim using Guid(07dbcbc1e4ed4b54fbcb764e0175d4ef) Importer(815301076,1909f56bfc062723c751e8b465ee728b)  -> (artifact id: 'cce4cc167b493569289f0618dfcd57c7') in 0.027188 seconds 
  Import took 0.031443 seconds .

========================================================================
Received Import Request.
  Time since last request: 95.621988 seconds.
  path: Assets/Animations/Card anims/Individual Card Anims/Spades
  artifactKey: Guid(2bb251e16e4fd8a4a95e91e7921d5f6a) Importer(815301076,1909f56bfc062723c751e8b465ee728b)
Start importing Assets/Animations/Card anims/Individual Card Anims/Spades using Guid(2bb251e16e4fd8a4a95e91e7921d5f6a) Importer(815301076,1909f56bfc062723c751e8b465ee728b)  -> (artifact id: '70c4c3ef08f1357cd1b75142a708bc4f') in 0.008981 seconds 
  Import took 0.012788 seconds .

========================================================================
Received Import Request.
  Time since last request: 51.427424 seconds.
  path: Assets/Animations/Card anims/Individual Card Anims/Clubs
  artifactKey: Guid(c205a52916b58e44c9b91c9faf8f8abf) Importer(815301076,1909f56bfc062723c751e8b465ee728b)
Start importing Assets/Animations/Card anims/Individual Card Anims/Clubs using Guid(c205a52916b58e44c9b91c9faf8f8abf) Importer(815301076,1909f56bfc062723c751e8b465ee728b)  -> (artifact id: 'c8d238ce6ad21a11d58a51ef04e26319') in 0.008722 seconds 
  Import took 0.013373 seconds .

========================================================================
Received Prepare
Registering precompiled user dll's ...
Registered in 0.007076 seconds.
Begin MonoManager ReloadAssembly
Native extension for WindowsStandalone target not found
Refreshing native plugins compatible for Editor in 0.64 ms, found 3 plugins.
Preloading 0 native plugins for Editor in 0.00 ms.
Mono: successfully reloaded assembly
- Completed reload, in  1.596 seconds
Domain Reload Profiling:
	ReloadAssembly (1597ms)
		BeginReloadAssembly (153ms)
			ExecutionOrderSort (0ms)
			DisableScriptedObjects (12ms)
			BackupInstance (0ms)
			ReleaseScriptingObjects (0ms)
			CreateAndSetChildDomain (47ms)
		EndReloadAssembly (1345ms)
			LoadAssemblies (120ms)
			RebuildTransferFunctionScriptingTraits (0ms)
			SetupTypeCache (468ms)
			ReleaseScriptCaches (2ms)
			RebuildScriptCaches (100ms)
			SetupLoadedEditorAssemblies (503ms)
				LogAssemblyErrors (0ms)
				InitializePlatformSupportModulesInManaged (8ms)
				SetLoadedEditorAssemblies (1ms)
				RefreshPlugins (1ms)
				BeforeProcessingInitializeOnLoad (142ms)
				ProcessInitializeOnLoadAttributes (324ms)
				ProcessInitializeOnLoadMethodAttributes (16ms)
				AfterProcessingInitializeOnLoad (11ms)
				EditorAssembliesLoaded (0ms)
			ExecutionOrderSort2 (0ms)
			AwakeInstancesAfterBackupRestoration (14ms)
Platform modules already initialized, skipping
Refreshing native plugins compatible for Editor in 0.72 ms, found 3 plugins.
Preloading 0 native plugins for Editor in 0.00 ms.
Unloading 2193 Unused Serialized files (Serialized files now loaded: 0)
System memory in use before: 98.6 MB.
System memory in use after: 98.7 MB.

Unloading 17 unused Assets to reduce memory usage. Loaded Objects now: 2654.
Total: 4.260600 ms (FindLiveObjects: 0.307400 ms CreateObjectMapping: 0.074300 ms MarkObjects: 3.851800 ms  DeleteObjects: 0.025200 ms)

AssetImportParameters requested are different than current active one (requested -> active):
  custom:framework-win-MediaFoundation: 216162199b28c13a410421893ffa2e32 -> 
  custom:video-decoder-ogg-theora: a1e56fd34408186e4bbccfd4996cb3dc -> 
  custom:container-muxer-webm: aa71ff27fc2769a1b78a27578f13a17b -> 
  custom:container-demuxer-webm: 4f35f7cbe854078d1ac9338744f61a02 -> 
  custom:container-demuxer-ogg: 62fdf1f143b41e24485cea50d1cbac27 -> 
  custom:video-encoder-webm-vp8: eb34c28f22e8b96e1ab97ce403110664 -> 
  custom:video-decoder-webm-vp8: 9c59270c3fd7afecdb556c50c9e8de78 -> 
  custom:audio-decoder-ogg-vorbis: bf7c407c2cedff20999df2af8eb42d56 -> 
  custom:audio-encoder-webm-vorbis: bf7c407c2cedff20999df2af8eb42d56 -> 
