Using pre-set license
Built from '2020.3/staging' branch; Version is '2020.3.22f1 (e1a7f79fd887) revision 14788599'; Using compiler version '192528614'; Build Type 'Release'
OS: 'Windows 10 Home; OS build 19043.1348; Version 2009; 64bit' Language: 'en' Physical Memory: 16335 MB
BatchMode: 1, IsHumanControllingUs: 0, StartBugReporterOnCrash: 0, Is64bit: 1, IsPro: 0

COMMAND LINE ARGUMENTS:
C:\Program Files\Unity\Hub\Editor\2020.3.22f1\Editor\Unity.exe
-adb2
-batchMode
-noUpm
-name
AssetImportWorker0
-projectPath
C:/Users/ultra/BlackJack Final
-logFile
Logs/AssetImportWorker0.log
-srvPort
63207
Successfully changed project path to: C:/Users/ultra/BlackJack Final
C:/Users/ultra/BlackJack Final
Using Asset Import Pipeline V2.
Refreshing native plugins compatible for Editor in 65.49 ms, found 3 plugins.
Preloading 0 native plugins for Editor in 0.00 ms.
Initialize engine version: 2020.3.22f1 (e1a7f79fd887)
[Subsystems] Discovering subsystems at path C:/Program Files/Unity/Hub/Editor/2020.3.22f1/Editor/Data/Resources/UnitySubsystems
[Subsystems] Discovering subsystems at path C:/Users/ultra/BlackJack Final/Assets
GfxDevice: creating device client; threaded=0
Direct3D:
    Version:  Direct3D 11.0 [level 11.1]
    Renderer: NVIDIA GeForce GTX 1080 (ID=0x1b80)
    Vendor:   
    VRAM:     8079 MB
    Driver:   30.0.14.7212
Initialize mono
Mono path[0] = 'C:/Program Files/Unity/Hub/Editor/2020.3.22f1/Editor/Data/Managed'
Mono path[1] = 'C:/Program Files/Unity/Hub/Editor/2020.3.22f1/Editor/Data/MonoBleedingEdge/lib/mono/unityjit'
Mono config path = 'C:/Program Files/Unity/Hub/Editor/2020.3.22f1/Editor/Data/MonoBleedingEdge/etc'
Using monoOptions --debugger-agent=transport=dt_socket,embedding=1,server=y,suspend=n,address=127.0.0.1:56508
Begin MonoManager ReloadAssembly
Registering precompiled unity dll's ...
Register platform support module: C:/Program Files/Unity/Hub/Editor/2020.3.22f1/Editor/Data/PlaybackEngines/WindowsStandaloneSupport/UnityEditor.WindowsStandalone.Extensions.dll
Registered in 0.002740 seconds.
Native extension for WindowsStandalone target not found
Refreshing native plugins compatible for Editor in 59.31 ms, found 3 plugins.
Preloading 0 native plugins for Editor in 0.00 ms.
Mono: successfully reloaded assembly
- Completed reload, in  1.490 seconds
Domain Reload Profiling:
	ReloadAssembly (1490ms)
		BeginReloadAssembly (72ms)
			ExecutionOrderSort (0ms)
			DisableScriptedObjects (0ms)
			BackupInstance (0ms)
			ReleaseScriptingObjects (0ms)
			CreateAndSetChildDomain (1ms)
		EndReloadAssembly (580ms)
			LoadAssemblies (68ms)
			RebuildTransferFunctionScriptingTraits (0ms)
			SetupTypeCache (186ms)
			ReleaseScriptCaches (0ms)
			RebuildScriptCaches (38ms)
			SetupLoadedEditorAssemblies (226ms)
				LogAssemblyErrors (0ms)
				InitializePlatformSupportModulesInManaged (5ms)
				SetLoadedEditorAssemblies (0ms)
				RefreshPlugins (59ms)
				BeforeProcessingInitializeOnLoad (20ms)
				ProcessInitializeOnLoadAttributes (104ms)
				ProcessInitializeOnLoadMethodAttributes (36ms)
				AfterProcessingInitializeOnLoad (0ms)
				EditorAssembliesLoaded (0ms)
			ExecutionOrderSort2 (0ms)
			AwakeInstancesAfterBackupRestoration (0ms)
Platform modules already initialized, skipping
Registering precompiled user dll's ...
Registered in 0.007095 seconds.
Begin MonoManager ReloadAssembly
Native extension for WindowsStandalone target not found
Refreshing native plugins compatible for Editor in 63.22 ms, found 3 plugins.
Preloading 0 native plugins for Editor in 0.00 ms.
Mono: successfully reloaded assembly
- Completed reload, in  1.468 seconds
Domain Reload Profiling:
	ReloadAssembly (1469ms)
		BeginReloadAssembly (181ms)
			ExecutionOrderSort (0ms)
			DisableScriptedObjects (6ms)
			BackupInstance (0ms)
			ReleaseScriptingObjects (0ms)
			CreateAndSetChildDomain (22ms)
		EndReloadAssembly (1199ms)
			LoadAssemblies (123ms)
			RebuildTransferFunctionScriptingTraits (0ms)
			SetupTypeCache (394ms)
			ReleaseScriptCaches (1ms)
			RebuildScriptCaches (57ms)
			SetupLoadedEditorAssemblies (465ms)
				LogAssemblyErrors (0ms)
				InitializePlatformSupportModulesInManaged (5ms)
				SetLoadedEditorAssemblies (0ms)
				RefreshPlugins (63ms)
				BeforeProcessingInitializeOnLoad (105ms)
				ProcessInitializeOnLoadAttributes (259ms)
				ProcessInitializeOnLoadMethodAttributes (21ms)
				AfterProcessingInitializeOnLoad (10ms)
				EditorAssembliesLoaded (0ms)
			ExecutionOrderSort2 (0ms)
			AwakeInstancesAfterBackupRestoration (9ms)
Platform modules already initialized, skipping
========================================================================
Worker process is ready to serve import requests
Launched and connected shader compiler UnityShaderCompiler.exe after 0.07 seconds
Refreshing native plugins compatible for Editor in 0.98 ms, found 3 plugins.
Preloading 0 native plugins for Editor in 0.00 ms.
Unloading 2204 Unused Serialized files (Serialized files now loaded: 0)
System memory in use before: 96.1 MB.
System memory in use after: 96.2 MB.

Unloading 28 unused Assets to reduce memory usage. Loaded Objects now: 2638.
Total: 4.284300 ms (FindLiveObjects: 0.405200 ms CreateObjectMapping: 0.084500 ms MarkObjects: 3.699900 ms  DeleteObjects: 0.092600 ms)

AssetImportParameters requested are different than current active one (requested -> active):
  custom:framework-win-MediaFoundation: 216162199b28c13a410421893ffa2e32 -> 
  custom:video-decoder-ogg-theora: a1e56fd34408186e4bbccfd4996cb3dc -> 
  custom:container-muxer-webm: aa71ff27fc2769a1b78a27578f13a17b -> 
  custom:container-demuxer-webm: 4f35f7cbe854078d1ac9338744f61a02 -> 
  custom:container-demuxer-ogg: 62fdf1f143b41e24485cea50d1cbac27 -> 
  custom:video-encoder-webm-vp8: eb34c28f22e8b96e1ab97ce403110664 -> 
  custom:video-decoder-webm-vp8: 9c59270c3fd7afecdb556c50c9e8de78 -> 
  custom:audio-decoder-ogg-vorbis: bf7c407c2cedff20999df2af8eb42d56 -> 
  custom:audio-encoder-webm-vorbis: bf7c407c2cedff20999df2af8eb42d56 -> 
========================================================================
Received Import Request.
  path: Assets/Animations/New Animator Controller.controller
  artifactKey: Guid(82f61a0b143496c4da807aa556505859) Importer(815301076,1909f56bfc062723c751e8b465ee728b)
Start importing Assets/Animations/New Animator Controller.controller using Guid(82f61a0b143496c4da807aa556505859) Importer(815301076,1909f56bfc062723c751e8b465ee728b)  -> (artifact id: 'b5f2c851117a39c1456e3732842e14f3') in 0.059875 seconds 
  Import took 0.063965 seconds .

========================================================================
Received Import Request.
  Time since last request: 25.428725 seconds.
  path: Assets/Images/Sprite Sheets/classic_13x4x560x780.png
  artifactKey: Guid(e350d902d812fe447a16a9209d247db5) Importer(815301076,1909f56bfc062723c751e8b465ee728b)
Start importing Assets/Images/Sprite Sheets/classic_13x4x560x780.png using Guid(e350d902d812fe447a16a9209d247db5) Importer(815301076,1909f56bfc062723c751e8b465ee728b)  -> (artifact id: '0d5034bafb084d9e9e812e4a403f46d6') in 0.291265 seconds 
  Import took 0.299080 seconds .

========================================================================
Received Import Request.
  Time since last request: 52.009936 seconds.
  path: Assets/Images/Cards/Classic/c01.png
  artifactKey: Guid(2a31bf03ce10dde47af433e25fa2a8b5) Importer(815301076,1909f56bfc062723c751e8b465ee728b)
Start importing Assets/Images/Cards/Classic/c01.png using Guid(2a31bf03ce10dde47af433e25fa2a8b5) Importer(815301076,1909f56bfc062723c751e8b465ee728b)  -> (artifact id: 'af2a6ea3c4e20a3f313009e54a23b493') in 0.024087 seconds 
  Import took 0.028084 seconds .

========================================================================
Received Import Request.
  Time since last request: 0.000217 seconds.
  path: Assets/Images/Cards/Classic/d06.png
  artifactKey: Guid(216444ddd5ed9204a8f3819ba0a7a472) Importer(815301076,1909f56bfc062723c751e8b465ee728b)
Start importing Assets/Images/Cards/Classic/d06.png using Guid(216444ddd5ed9204a8f3819ba0a7a472) Importer(815301076,1909f56bfc062723c751e8b465ee728b)  -> (artifact id: '76f24ea660fe19dd10db0eb7a363f180') in 0.019213 seconds 
  Import took 0.023007 seconds .

========================================================================
Received Import Request.
  Time since last request: 0.000319 seconds.
  path: Assets/Images/Cards/Classic/c08.png
  artifactKey: Guid(9fac1ab6ee85e494db19e36583f9affc) Importer(815301076,1909f56bfc062723c751e8b465ee728b)
Start importing Assets/Images/Cards/Classic/c08.png using Guid(9fac1ab6ee85e494db19e36583f9affc) Importer(815301076,1909f56bfc062723c751e8b465ee728b)  -> (artifact id: '6744523382d01495a67917eed27469de') in 0.018541 seconds 
  Import took 0.022645 seconds .

========================================================================
Received Import Request.
  Time since last request: 0.000285 seconds.
  path: Assets/Images/Cards/Classic/s01.png
  artifactKey: Guid(4a5f7af66d706fa4797edd8317dfafb7) Importer(815301076,1909f56bfc062723c751e8b465ee728b)
Start importing Assets/Images/Cards/Classic/s01.png using Guid(4a5f7af66d706fa4797edd8317dfafb7) Importer(815301076,1909f56bfc062723c751e8b465ee728b)  -> (artifact id: 'a6b075df4bfed70ea26fa798e303d052') in 0.017301 seconds 
  Import took 0.021436 seconds .

========================================================================
Received Import Request.
  Time since last request: 0.000274 seconds.
  path: Assets/Images/Cards/Classic/s03.png
  artifactKey: Guid(674e480f167755842ae36b0cc90beb98) Importer(815301076,1909f56bfc062723c751e8b465ee728b)
Start importing Assets/Images/Cards/Classic/s03.png using Guid(674e480f167755842ae36b0cc90beb98) Importer(815301076,1909f56bfc062723c751e8b465ee728b)  -> (artifact id: '45e7541370aa81ad105c477dc444ef22') in 0.016455 seconds 
  Import took 0.020348 seconds .

========================================================================
Received Import Request.
  Time since last request: 0.000224 seconds.
  path: Assets/Images/Cards/Classic/h03.png
  artifactKey: Guid(cd3992e77a32def41bafe30637a33a2c) Importer(815301076,1909f56bfc062723c751e8b465ee728b)
Start importing Assets/Images/Cards/Classic/h03.png using Guid(cd3992e77a32def41bafe30637a33a2c) Importer(815301076,1909f56bfc062723c751e8b465ee728b)  -> (artifact id: '1ec5bb6f4159846332067a40822801ad') in 0.017319 seconds 
  Import took 0.021218 seconds .

========================================================================
Received Import Request.
  Time since last request: 0.000239 seconds.
  path: Assets/Images/Cards/Classic/c03.png
  artifactKey: Guid(9336d0f9072dc9844af6dd04e27f234f) Importer(815301076,1909f56bfc062723c751e8b465ee728b)
Start importing Assets/Images/Cards/Classic/c03.png using Guid(9336d0f9072dc9844af6dd04e27f234f) Importer(815301076,1909f56bfc062723c751e8b465ee728b)  -> (artifact id: '0eef26da6e8a15802719674c2ed6526e') in 0.016262 seconds 
  Import took 0.020328 seconds .

========================================================================
Received Import Request.
  Time since last request: 0.000286 seconds.
  path: Assets/Images/Cards/Classic/h12.png
  artifactKey: Guid(cfb10af311a85864698701f402aa31e2) Importer(815301076,1909f56bfc062723c751e8b465ee728b)
Start importing Assets/Images/Cards/Classic/h12.png using Guid(cfb10af311a85864698701f402aa31e2) Importer(815301076,1909f56bfc062723c751e8b465ee728b)  -> (artifact id: '58f75f91f2c278963f0ccfa7ef593bbf') in 0.017552 seconds 
  Import took 0.021480 seconds .

========================================================================
Received Import Request.
  Time since last request: 0.000261 seconds.
  path: Assets/Images/Cards/Classic/s08.png
  artifactKey: Guid(53b3a08793687a343ab90b16e0541840) Importer(815301076,1909f56bfc062723c751e8b465ee728b)
Start importing Assets/Images/Cards/Classic/s08.png using Guid(53b3a08793687a343ab90b16e0541840) Importer(815301076,1909f56bfc062723c751e8b465ee728b)  -> (artifact id: '57424dae38d90b54fa6e308705def9aa') in 0.017905 seconds 
  Import took 0.022149 seconds .

========================================================================
Received Import Request.
  Time since last request: 0.000213 seconds.
  path: Assets/Images/Cards/Classic/c11.png
  artifactKey: Guid(68b974b1dfdff6c488dbde1f63e86aa5) Importer(815301076,1909f56bfc062723c751e8b465ee728b)
Start importing Assets/Images/Cards/Classic/c11.png using Guid(68b974b1dfdff6c488dbde1f63e86aa5) Importer(815301076,1909f56bfc062723c751e8b465ee728b)  -> (artifact id: 'a6fc0a6f7f351dccfd973a98665a6a95') in 0.016976 seconds 
  Import took 0.021533 seconds .

========================================================================
Received Import Request.
  Time since last request: 0.000272 seconds.
  path: Assets/Images/Cards/Classic/h07.png
  artifactKey: Guid(36676505edc5ad34b9458018f4ad3c57) Importer(815301076,1909f56bfc062723c751e8b465ee728b)
Start importing Assets/Images/Cards/Classic/h07.png using Guid(36676505edc5ad34b9458018f4ad3c57) Importer(815301076,1909f56bfc062723c751e8b465ee728b)  -> (artifact id: '2113971f9f1415cbb42bb37ba9711ca8') in 0.020554 seconds 
  Import took 0.025999 seconds .

========================================================================
Received Import Request.
  Time since last request: 0.000207 seconds.
  path: Assets/Images/Cards/Classic/h01.png
  artifactKey: Guid(959e9180c51a68e479f1168e9b463bad) Importer(815301076,1909f56bfc062723c751e8b465ee728b)
Start importing Assets/Images/Cards/Classic/h01.png using Guid(959e9180c51a68e479f1168e9b463bad) Importer(815301076,1909f56bfc062723c751e8b465ee728b)  -> (artifact id: '34356f4b26b962c8936a9d5d8c025c12') in 0.022183 seconds 
  Import took 0.026988 seconds .

========================================================================
Received Import Request.
  Time since last request: 0.000303 seconds.
  path: Assets/Images/Cards/Classic/s09.png
  artifactKey: Guid(f5c458dce988bf34fa418a5359f79269) Importer(815301076,1909f56bfc062723c751e8b465ee728b)
Start importing Assets/Images/Cards/Classic/s09.png using Guid(f5c458dce988bf34fa418a5359f79269) Importer(815301076,1909f56bfc062723c751e8b465ee728b)  -> (artifact id: '84f5c677ef12dd73f13994d9becad541') in 0.018439 seconds 
  Import took 0.022390 seconds .

========================================================================
Received Import Request.
  Time since last request: 0.000263 seconds.
  path: Assets/Images/Cards/Classic/s06.png
  artifactKey: Guid(446fe9d6e6ac2f3448189af4ad8d08cd) Importer(815301076,1909f56bfc062723c751e8b465ee728b)
Start importing Assets/Images/Cards/Classic/s06.png using Guid(446fe9d6e6ac2f3448189af4ad8d08cd) Importer(815301076,1909f56bfc062723c751e8b465ee728b)  -> (artifact id: 'cd060227c6f90cef269fa57754b07fa6') in 0.017099 seconds 
  Import took 0.021281 seconds .

========================================================================
Received Import Request.
  Time since last request: 0.000260 seconds.
  path: Assets/Images/Cards/Classic/d02.png
  artifactKey: Guid(577049568ddd4bb4bae98f89106a6856) Importer(815301076,1909f56bfc062723c751e8b465ee728b)
Start importing Assets/Images/Cards/Classic/d02.png using Guid(577049568ddd4bb4bae98f89106a6856) Importer(815301076,1909f56bfc062723c751e8b465ee728b)  -> (artifact id: '1dc31a12f461c30ca8619eb7f1eeb2e9') in 0.018481 seconds 
  Import took 0.022554 seconds .

========================================================================
Received Import Request.
  Time since last request: 0.000206 seconds.
  path: Assets/Images/Cards/Classic/d05.png
  artifactKey: Guid(e88f94f1a7bfb7a41a087cc3c5e59f83) Importer(815301076,1909f56bfc062723c751e8b465ee728b)
Start importing Assets/Images/Cards/Classic/d05.png using Guid(e88f94f1a7bfb7a41a087cc3c5e59f83) Importer(815301076,1909f56bfc062723c751e8b465ee728b)  -> (artifact id: 'def3718c12ddc8c79422798af606546a') in 0.018159 seconds 
  Import took 0.022374 seconds .

========================================================================
Received Import Request.
  Time since last request: 0.000255 seconds.
  path: Assets/Images/Cards/Classic/h02.png
  artifactKey: Guid(14a4b102f0c8e1d4ba48bb8484e24970) Importer(815301076,1909f56bfc062723c751e8b465ee728b)
Start importing Assets/Images/Cards/Classic/h02.png using Guid(14a4b102f0c8e1d4ba48bb8484e24970) Importer(815301076,1909f56bfc062723c751e8b465ee728b)  -> (artifact id: '96368405b92d7884867170d1c30dfd62') in 0.018361 seconds 
  Import took 0.022243 seconds .

========================================================================
Received Import Request.
  Time since last request: 0.000213 seconds.
  path: Assets/Images/Cards/Classic/d08.png
  artifactKey: Guid(64eaaae34122a2b42aeb6d4d4df9f05a) Importer(815301076,1909f56bfc062723c751e8b465ee728b)
Start importing Assets/Images/Cards/Classic/d08.png using Guid(64eaaae34122a2b42aeb6d4d4df9f05a) Importer(815301076,1909f56bfc062723c751e8b465ee728b)  -> (artifact id: '0054c7de18bcd69db5891c840df14755') in 0.017284 seconds 
  Import took 0.021366 seconds .

========================================================================
Received Import Request.
  Time since last request: 0.000272 seconds.
  path: Assets/Images/Cards/Classic/s07.png
  artifactKey: Guid(e618575f9185e444a8c2043fc3838927) Importer(815301076,1909f56bfc062723c751e8b465ee728b)
Start importing Assets/Images/Cards/Classic/s07.png using Guid(e618575f9185e444a8c2043fc3838927) Importer(815301076,1909f56bfc062723c751e8b465ee728b)  -> (artifact id: '1f5a91c794a7d86bea3d23d298c570fa') in 0.017486 seconds 
  Import took 0.021902 seconds .

========================================================================
Received Import Request.
  Time since last request: 0.000222 seconds.
  path: Assets/Images/Cards/Classic/s04.png
  artifactKey: Guid(372e4fbb53f07514e86f46b8e339540d) Importer(815301076,1909f56bfc062723c751e8b465ee728b)
Start importing Assets/Images/Cards/Classic/s04.png using Guid(372e4fbb53f07514e86f46b8e339540d) Importer(815301076,1909f56bfc062723c751e8b465ee728b)  -> (artifact id: '83a16354c79c68edc4c9881f8bf1bfde') in 0.018789 seconds 
  Import took 0.023756 seconds .

========================================================================
Received Import Request.
  Time since last request: 0.000234 seconds.
  path: Assets/Images/Cards/Classic/c07.png
  artifactKey: Guid(f7f457cd0825d1847a2b7de60d31a5f4) Importer(815301076,1909f56bfc062723c751e8b465ee728b)
Start importing Assets/Images/Cards/Classic/c07.png using Guid(f7f457cd0825d1847a2b7de60d31a5f4) Importer(815301076,1909f56bfc062723c751e8b465ee728b)  -> (artifact id: '45037921cf373d47264443eb02617277') in 0.017062 seconds 
  Import took 0.021077 seconds .

========================================================================
Received Import Request.
  Time since last request: 0.000271 seconds.
  path: Assets/Images/Cards/Classic/d03.png
  artifactKey: Guid(78d415205a6f81744950d01ad5f8e511) Importer(815301076,1909f56bfc062723c751e8b465ee728b)
Start importing Assets/Images/Cards/Classic/d03.png using Guid(78d415205a6f81744950d01ad5f8e511) Importer(815301076,1909f56bfc062723c751e8b465ee728b)  -> (artifact id: 'bf386d098c99eb73d3852e3cdbda32b3') in 0.017111 seconds 
  Import took 0.021520 seconds .

========================================================================
Received Import Request.
  Time since last request: 0.000232 seconds.
  path: Assets/Images/Cards/Classic/c05.png
  artifactKey: Guid(dcb39f0cfbc513740978b68054aa5a30) Importer(815301076,1909f56bfc062723c751e8b465ee728b)
Start importing Assets/Images/Cards/Classic/c05.png using Guid(dcb39f0cfbc513740978b68054aa5a30) Importer(815301076,1909f56bfc062723c751e8b465ee728b)  -> (artifact id: '978a986be3cea70cc25a78705ebe5118') in 0.018074 seconds 
  Import took 0.022428 seconds .

========================================================================
Received Import Request.
  Time since last request: 0.000285 seconds.
  path: Assets/Images/Cards/Classic/h04.png
  artifactKey: Guid(9891bc59e11d0d649ad3213a4881f46b) Importer(815301076,1909f56bfc062723c751e8b465ee728b)
Start importing Assets/Images/Cards/Classic/h04.png using Guid(9891bc59e11d0d649ad3213a4881f46b) Importer(815301076,1909f56bfc062723c751e8b465ee728b)  -> (artifact id: 'aae1a7c11fed0f282e357cfe93d0c8d6') in 0.017687 seconds 
  Import took 0.022011 seconds .

========================================================================
Received Import Request.
  Time since last request: 0.000305 seconds.
  path: Assets/Images/Cards/Classic/c02.png
  artifactKey: Guid(050bb7bade84bb641814dcfffe267ec9) Importer(815301076,1909f56bfc062723c751e8b465ee728b)
Start importing Assets/Images/Cards/Classic/c02.png using Guid(050bb7bade84bb641814dcfffe267ec9) Importer(815301076,1909f56bfc062723c751e8b465ee728b)  -> (artifact id: '4d47d09af9dba5c373d70c3a1e289188') in 0.016543 seconds 
  Import took 0.020794 seconds .

========================================================================
Received Import Request.
  Time since last request: 0.000242 seconds.
  path: Assets/Images/Cards/Classic/h05.png
  artifactKey: Guid(062b483120e08814291090339ed41d37) Importer(815301076,1909f56bfc062723c751e8b465ee728b)
Start importing Assets/Images/Cards/Classic/h05.png using Guid(062b483120e08814291090339ed41d37) Importer(815301076,1909f56bfc062723c751e8b465ee728b)  -> (artifact id: '1bf24c96da4c74886961c53321877f06') in 0.017325 seconds 
  Import took 0.021220 seconds .

========================================================================
Received Import Request.
  Time since last request: 0.000212 seconds.
  path: Assets/Images/Cards/Classic/h08.png
  artifactKey: Guid(a9dc33d342236e64599dd2a6622a6a29) Importer(815301076,1909f56bfc062723c751e8b465ee728b)
Start importing Assets/Images/Cards/Classic/h08.png using Guid(a9dc33d342236e64599dd2a6622a6a29) Importer(815301076,1909f56bfc062723c751e8b465ee728b)  -> (artifact id: '96c7c1508dde26a9d4d30f2c77803ed7') in 0.016659 seconds 
  Import took 0.021092 seconds .

========================================================================
Received Import Request.
  Time since last request: 0.000189 seconds.
  path: Assets/Images/Cards/Classic/h10.png
  artifactKey: Guid(40b10b6fe8c5bd5428a4c361ad09300f) Importer(815301076,1909f56bfc062723c751e8b465ee728b)
Start importing Assets/Images/Cards/Classic/h10.png using Guid(40b10b6fe8c5bd5428a4c361ad09300f) Importer(815301076,1909f56bfc062723c751e8b465ee728b)  -> (artifact id: '99ee0d2519d45ac8fbfbcf7cd95636c5') in 0.017488 seconds 
  Import took 0.021802 seconds .

========================================================================
Received Import Request.
  Time since last request: 0.000273 seconds.
  path: Assets/Images/Cards/Classic/d12.png
  artifactKey: Guid(8f1650c120d177a48856b765890fb26a) Importer(815301076,1909f56bfc062723c751e8b465ee728b)
Start importing Assets/Images/Cards/Classic/d12.png using Guid(8f1650c120d177a48856b765890fb26a) Importer(815301076,1909f56bfc062723c751e8b465ee728b)  -> (artifact id: '2630a85b600f20b035ccda68d38bae6b') in 0.019971 seconds 
  Import took 0.024320 seconds .

========================================================================
Received Import Request.
  Time since last request: 0.000260 seconds.
  path: Assets/Images/Cards/Classic/d04.png
  artifactKey: Guid(a2ade99d598847749b9c51a06e7099d3) Importer(815301076,1909f56bfc062723c751e8b465ee728b)
Start importing Assets/Images/Cards/Classic/d04.png using Guid(a2ade99d598847749b9c51a06e7099d3) Importer(815301076,1909f56bfc062723c751e8b465ee728b)  -> (artifact id: 'ed52a8d39a45236c11d696283c09b991') in 0.017998 seconds 
  Import took 0.022345 seconds .

========================================================================
Received Import Request.
  Time since last request: 0.000223 seconds.
  path: Assets/Images/Cards/Classic/c06.png
  artifactKey: Guid(f4f2fa61a4574b54fa6270d703ff4296) Importer(815301076,1909f56bfc062723c751e8b465ee728b)
Start importing Assets/Images/Cards/Classic/c06.png using Guid(f4f2fa61a4574b54fa6270d703ff4296) Importer(815301076,1909f56bfc062723c751e8b465ee728b)  -> (artifact id: '26345e0ec50de9c1393eb6c75dbe218d') in 0.018099 seconds 
  Import took 0.021991 seconds .

========================================================================
Received Import Request.
  Time since last request: 0.000235 seconds.
  path: Assets/Images/Cards/Classic/d10.png
  artifactKey: Guid(afb894bd0d4807f49aa922819540fdaa) Importer(815301076,1909f56bfc062723c751e8b465ee728b)
Start importing Assets/Images/Cards/Classic/d10.png using Guid(afb894bd0d4807f49aa922819540fdaa) Importer(815301076,1909f56bfc062723c751e8b465ee728b)  -> (artifact id: '2bb82e4d1a7021470e54a2d139f21db8') in 0.017036 seconds 
  Import took 0.020812 seconds .

========================================================================
Received Import Request.
  Time since last request: 0.000207 seconds.
  path: Assets/Images/Cards/Classic/c10.png
  artifactKey: Guid(731bb0ed06d98674abe633d81f82e0a5) Importer(815301076,1909f56bfc062723c751e8b465ee728b)
Start importing Assets/Images/Cards/Classic/c10.png using Guid(731bb0ed06d98674abe633d81f82e0a5) Importer(815301076,1909f56bfc062723c751e8b465ee728b)  -> (artifact id: 'e4bdc0dffb780003b8ab250cdbedfa6b') in 0.017316 seconds 
  Import took 0.021861 seconds .

========================================================================
Received Import Request.
  Time since last request: 0.000224 seconds.
  path: Assets/Images/Cards/Classic/d13.png
  artifactKey: Guid(1f8cf892ad87a104ba291d6b5ab0c4ca) Importer(815301076,1909f56bfc062723c751e8b465ee728b)
Start importing Assets/Images/Cards/Classic/d13.png using Guid(1f8cf892ad87a104ba291d6b5ab0c4ca) Importer(815301076,1909f56bfc062723c751e8b465ee728b)  -> (artifact id: 'fd4e22bde66261106689ea507d3791a7') in 0.018494 seconds 
  Import took 0.023506 seconds .

========================================================================
Received Import Request.
  Time since last request: 0.000251 seconds.
  path: Assets/Images/Cards/Classic/s12.png
  artifactKey: Guid(e6c18e4152f088d4baa193ee10f77ae6) Importer(815301076,1909f56bfc062723c751e8b465ee728b)
Start importing Assets/Images/Cards/Classic/s12.png using Guid(e6c18e4152f088d4baa193ee10f77ae6) Importer(815301076,1909f56bfc062723c751e8b465ee728b)  -> (artifact id: 'b8cd0247aeb11ab14f8302ec01be93e2') in 0.018498 seconds 
  Import took 0.022571 seconds .

========================================================================
Received Import Request.
  Time since last request: 0.000205 seconds.
  path: Assets/Images/Cards/Classic/c04.png
  artifactKey: Guid(9b532179b4266dd4289e5e967c0f10c5) Importer(815301076,1909f56bfc062723c751e8b465ee728b)
Start importing Assets/Images/Cards/Classic/c04.png using Guid(9b532179b4266dd4289e5e967c0f10c5) Importer(815301076,1909f56bfc062723c751e8b465ee728b)  -> (artifact id: 'f2f89c36913af039bd3210f3cf07c212') in 0.018154 seconds 
  Import took 0.022275 seconds .

========================================================================
Received Import Request.
  Time since last request: 0.000239 seconds.
  path: Assets/Images/Cards/Classic/h13.png
  artifactKey: Guid(914d1a7b438ff5f4da570321085f31ec) Importer(815301076,1909f56bfc062723c751e8b465ee728b)
Start importing Assets/Images/Cards/Classic/h13.png using Guid(914d1a7b438ff5f4da570321085f31ec) Importer(815301076,1909f56bfc062723c751e8b465ee728b)  -> (artifact id: '7f27b985d96af23a44e5bd45e20c5097') in 0.019125 seconds 
  Import took 0.023667 seconds .

========================================================================
Received Import Request.
  Time since last request: 0.000219 seconds.
  path: Assets/Images/Cards/Classic/s02.png
  artifactKey: Guid(cabaedf88545226419fd341a34515218) Importer(815301076,1909f56bfc062723c751e8b465ee728b)
Start importing Assets/Images/Cards/Classic/s02.png using Guid(cabaedf88545226419fd341a34515218) Importer(815301076,1909f56bfc062723c751e8b465ee728b)  -> (artifact id: '5dec10ae5c95e6f886bc5c5365341966') in 0.018318 seconds 
  Import took 0.022151 seconds .

========================================================================
Received Import Request.
  Time since last request: 0.000249 seconds.
  path: Assets/Images/Cards/Classic/c12.png
  artifactKey: Guid(f7e0afbe1206ee041b23b9d451673d16) Importer(815301076,1909f56bfc062723c751e8b465ee728b)
Start importing Assets/Images/Cards/Classic/c12.png using Guid(f7e0afbe1206ee041b23b9d451673d16) Importer(815301076,1909f56bfc062723c751e8b465ee728b)  -> (artifact id: 'b1edbb70803417d92c5cc78013cab84c') in 0.017697 seconds 
  Import took 0.021582 seconds .

========================================================================
Received Import Request.
  Time since last request: 0.000195 seconds.
  path: Assets/Images/Cards/Classic/d01.png
  artifactKey: Guid(c8137ab5fddca8f4f97237933f770345) Importer(815301076,1909f56bfc062723c751e8b465ee728b)
Start importing Assets/Images/Cards/Classic/d01.png using Guid(c8137ab5fddca8f4f97237933f770345) Importer(815301076,1909f56bfc062723c751e8b465ee728b)  -> (artifact id: '2737428d345492aaebe3e3617bc5d818') in 0.016636 seconds 
  Import took 0.020556 seconds .

========================================================================
Received Import Request.
  Time since last request: 0.000260 seconds.
  path: Assets/Images/Cards/Classic/c13.png
  artifactKey: Guid(5f9d65021e11a7446b0d68e44da6b4c7) Importer(815301076,1909f56bfc062723c751e8b465ee728b)
Start importing Assets/Images/Cards/Classic/c13.png using Guid(5f9d65021e11a7446b0d68e44da6b4c7) Importer(815301076,1909f56bfc062723c751e8b465ee728b)  -> (artifact id: '110b41aaac1c148abd7d35daabb2e18d') in 0.017692 seconds 
  Import took 0.021870 seconds .

========================================================================
Received Import Request.
  Time since last request: 0.000285 seconds.
  path: Assets/Images/Cards/Classic/s13.png
  artifactKey: Guid(2b6fdbd04a7ad0140a78897ea9465908) Importer(815301076,1909f56bfc062723c751e8b465ee728b)
Start importing Assets/Images/Cards/Classic/s13.png using Guid(2b6fdbd04a7ad0140a78897ea9465908) Importer(815301076,1909f56bfc062723c751e8b465ee728b)  -> (artifact id: 'e59d0a1575fc5dccb46b4ee683045f66') in 0.018560 seconds 
  Import took 0.022614 seconds .

========================================================================
Received Import Request.
  Time since last request: 0.000249 seconds.
  path: Assets/Images/Cards/Classic/c09.png
  artifactKey: Guid(69f109bc7d381b845b588b48e59ecdae) Importer(815301076,1909f56bfc062723c751e8b465ee728b)
Start importing Assets/Images/Cards/Classic/c09.png using Guid(69f109bc7d381b845b588b48e59ecdae) Importer(815301076,1909f56bfc062723c751e8b465ee728b)  -> (artifact id: 'cc4d9bca5605e2b00a473ae609db5d6d') in 0.016039 seconds 
  Import took 0.019947 seconds .

========================================================================
Received Import Request.
  Time since last request: 0.000274 seconds.
  path: Assets/Images/Cards/Classic/h06.png
  artifactKey: Guid(c279459f2b8229147a42501cf010d45b) Importer(815301076,1909f56bfc062723c751e8b465ee728b)
Start importing Assets/Images/Cards/Classic/h06.png using Guid(c279459f2b8229147a42501cf010d45b) Importer(815301076,1909f56bfc062723c751e8b465ee728b)  -> (artifact id: '63788b1333fb777bd03ea3e236512b85') in 0.017883 seconds 
  Import took 0.021816 seconds .

========================================================================
Received Import Request.
  Time since last request: 0.000239 seconds.
  path: Assets/Images/Cards/Classic/s10.png
  artifactKey: Guid(5a1f109d78d26334fbf09a50e64de90f) Importer(815301076,1909f56bfc062723c751e8b465ee728b)
Start importing Assets/Images/Cards/Classic/s10.png using Guid(5a1f109d78d26334fbf09a50e64de90f) Importer(815301076,1909f56bfc062723c751e8b465ee728b)  -> (artifact id: 'b0f434c9c1c000f04f5ffe90778cbaf9') in 0.017772 seconds 
  Import took 0.021441 seconds .

========================================================================
Received Import Request.
  Time since last request: 0.000208 seconds.
  path: Assets/Images/Cards/Classic/d07.png
  artifactKey: Guid(9dedc94d9e9c1784f86ae92110361005) Importer(815301076,1909f56bfc062723c751e8b465ee728b)
Start importing Assets/Images/Cards/Classic/d07.png using Guid(9dedc94d9e9c1784f86ae92110361005) Importer(815301076,1909f56bfc062723c751e8b465ee728b)  -> (artifact id: 'e52a28ff017cbe305a0a9499eb1c6235') in 0.016748 seconds 
  Import took 0.020252 seconds .

========================================================================
Received Import Request.
  Time since last request: 0.000193 seconds.
  path: Assets/Images/Cards/Classic/s11.png
  artifactKey: Guid(70b406208fb53624a9d20ad7a1715e1f) Importer(815301076,1909f56bfc062723c751e8b465ee728b)
Start importing Assets/Images/Cards/Classic/s11.png using Guid(70b406208fb53624a9d20ad7a1715e1f) Importer(815301076,1909f56bfc062723c751e8b465ee728b)  -> (artifact id: 'c15f4564878cee11633f19b4b583ea6a') in 0.017826 seconds 
  Import took 0.021468 seconds .

========================================================================
Received Import Request.
  Time since last request: 0.000227 seconds.
  path: Assets/Images/Cards/Classic/s05.png
  artifactKey: Guid(36e596a5f6ae3da459592ddce50901f4) Importer(815301076,1909f56bfc062723c751e8b465ee728b)
Start importing Assets/Images/Cards/Classic/s05.png using Guid(36e596a5f6ae3da459592ddce50901f4) Importer(815301076,1909f56bfc062723c751e8b465ee728b)  -> (artifact id: '45759e1555ea69723ba95ec73731c875') in 0.018433 seconds 
  Import took 0.022760 seconds .

========================================================================
Received Import Request.
  Time since last request: 0.000250 seconds.
  path: Assets/Images/Cards/Classic/d09.png
  artifactKey: Guid(7e8e6cbef80b521449515fc6a19c251d) Importer(815301076,1909f56bfc062723c751e8b465ee728b)
Start importing Assets/Images/Cards/Classic/d09.png using Guid(7e8e6cbef80b521449515fc6a19c251d) Importer(815301076,1909f56bfc062723c751e8b465ee728b)  -> (artifact id: '51701f6709277a8b3dc45a391662b31d') in 0.017113 seconds 
  Import took 0.021178 seconds .

========================================================================
Received Import Request.
  Time since last request: 0.000264 seconds.
  path: Assets/Images/Cards/Classic/d11.png
  artifactKey: Guid(271faa77b9704704f9d79f8454c65b31) Importer(815301076,1909f56bfc062723c751e8b465ee728b)
Start importing Assets/Images/Cards/Classic/d11.png using Guid(271faa77b9704704f9d79f8454c65b31) Importer(815301076,1909f56bfc062723c751e8b465ee728b)  -> (artifact id: '723cf5a8608f0498e8fd38ca3aba7c70') in 0.018500 seconds 
  Import took 0.022446 seconds .

========================================================================
Received Import Request.
  Time since last request: 0.000297 seconds.
  path: Assets/Images/Cards/Classic/h09.png
  artifactKey: Guid(84141306e03908d41bae33a793dcd901) Importer(815301076,1909f56bfc062723c751e8b465ee728b)
Start importing Assets/Images/Cards/Classic/h09.png using Guid(84141306e03908d41bae33a793dcd901) Importer(815301076,1909f56bfc062723c751e8b465ee728b)  -> (artifact id: 'e732d16760e249c8a0fe9e215149b0ff') in 0.017482 seconds 
  Import took 0.021497 seconds .

========================================================================
Received Import Request.
  Time since last request: 0.000217 seconds.
  path: Assets/Images/Cards/Classic/h11.png
  artifactKey: Guid(595885a0ea981d045bbd5ae3e21dfa08) Importer(815301076,1909f56bfc062723c751e8b465ee728b)
Start importing Assets/Images/Cards/Classic/h11.png using Guid(595885a0ea981d045bbd5ae3e21dfa08) Importer(815301076,1909f56bfc062723c751e8b465ee728b)  -> (artifact id: '985fb493b13d4a0ff05682f97a4532cd') in 0.017810 seconds 
  Import took 0.021498 seconds .

AssetImportWorkerClient::OnTransportError - code=2 error=End of file
